proguard/seeds.txt
com.zrd.zr.letuwb.UpdateActivity
com.zrd.zr.letuwb.FilePickerActivity
com.zrd.zr.letuwb.AboutActivity
com.zrd.zr.letuwb.RegLoginActivity
com.zrd.zr.letuwb.ExchangeListActivity
com.zrd.zr.letuwb.EntranceActivity
...
cn.domob.android.ads.g$b: cn.domob.android.ads.g$b[] values()
cn.domob.android.ads.g$b: cn.domob.android.ads.g$b valueOf(java.lang.String)
com.google.protobuf.WireFormat$JavaType: com.google.protobuf.WireFormat$JavaType[] values()
com.google.protobuf.WireFormat$JavaType: com.google.protobuf.WireFormat$JavaType valueOf(java.lang.String)
com.adwhirl.eventadapter.GmAdWhirlEventHandler$GmEventADType: com.adwhirl.eventadapter.GmAdWhirlEventHandler$GmEventADType[] values()
com.adwhirl.eventadapter.GmAdWhirlEventHandler$GmEventADType: com.adwhirl.eventadapter.GmAdWhirlEventHandler$GmEventADType valueOf(java.lang.String)
cn.domob.android.ads.b.d$b: cn.domob.android.ads.b.d$b[] values()
cn.domob.android.ads.b.d$b: cn.domob.android.ads.b.d$b valueOf(java.lang.String)
com.google.protobuf.DescriptorProtos$FieldOptions$CType: com.google.protobuf.DescriptorProtos$FieldOptions$CType[] values()
com.google.protobuf.DescriptorProtos$FieldOptions$CType: com.google.protobuf.DescriptorProtos$FieldOptions$CType valueOf(java.lang.String)
com.google.ads.AdActivity
com.adwo.adsdk.AdwoAdBrowserActivity
com.google.ads.R$layout
com.google.ads.R$layout: int admob_320_50_test
com.google.ads.R$layout: R$layout()
com.google.ads.R$attr
com.google.ads.R$attr: R$attr()
com.google.ads.InstallReceiver
com.google.ads.InstallReceiver: InstallReceiver()
com.google.ads.InstallReceiver: void onReceive(android.content.Context,android.content.Intent)
com.google.ads.InstallReceiver: void forwardIntent(android.content.Context,android.content.Intent)
com.google.ads.util.AdUtil$a
com.google.ads.util.AdUtil$a: com.google.ads.util.AdUtil$a a
com.google.ads.util.AdUtil$a: com.google.ads.util.AdUtil$a b
com.google.ads.util.AdUtil$a: com.google.ads.util.AdUtil$a c
com.google.ads.util.AdUtil$a: com.google.ads.util.AdUtil$a d
com.google.ads.util.AdUtil$a: com.google.ads.util.AdUtil$a e
com.google.ads.util.AdUtil$a: com.google.ads.util.AdUtil$a f
com.google.ads.util.AdUtil$a: com.google.ads.util.AdUtil$a[] values()
com.google.ads.util.AdUtil$a: com.google.ads.util.AdUtil$a valueOf(java.lang.String)
com.google.ads.R$id
com.google.ads.R$id: int admob_adView_320_50_test_1
com.google.ads.R$id: int admob_adView_320_50_test_2
com.google.ads.R$id: int admob_adView_320_50_test_3
com.google.ads.R$id: int admob_adView_320_50_test_4
com.google.ads.R$id: int admob_layout_320_50_test
com.google.ads.R$id: R$id()
com.google.ads.AdRequest$Gender
com.google.ads.AdRequest$Gender: com.google.ads.AdRequest$Gender MALE
com.google.ads.AdRequest$Gender: com.google.ads.AdRequest$Gender FEMALE
com.google.ads.AdRequest$Gender: com.google.ads.AdRequest$Gender[] values()
com.google.ads.AdRequest$Gender: com.google.ads.AdRequest$Gender valueOf(java.lang.String)
com.google.ads.AdRequest$Gender: java.lang.String toString()
com.google.ads.util.b$b
com.google.ads.util.b$b: int c
com.google.ads.util.b$b: boolean d
com.google.ads.util.b$b: boolean e
com.google.ads.util.b$b: boolean f
com.google.ads.util.b$b: b$b()
com.google.ads.util.b$b: boolean a(byte[],int)
com.google.ads.util.b$a: byte[] a
com.google.ads.util.b$a: int b
com.google.ads.util.b$a: b$a()
com.google.ads.util.b$a
com.google.ads.util.b$a: byte[] a
com.google.ads.util.b$a: int b
com.google.ads.util.b$a: b$a()
com.google.ads.AdView
com.google.ads.AdView: AdView(android.app.Activity,com.google.ads.AdSize,java.lang.String)
com.google.ads.AdView: AdView(android.content.Context,android.util.AttributeSet)
com.google.ads.AdView: AdView(android.content.Context,android.util.AttributeSet,int)
com.google.ads.AdView: void destroy()
com.google.ads.AdView: boolean isReady()
com.google.ads.AdView: boolean isRefreshing()
com.google.ads.AdView: void loadAd(com.google.ads.AdRequest)
com.google.ads.AdView: void setAdListener(com.google.ads.AdListener)
com.google.ads.AdView: void stopLoading()
com.google.ads.R
com.google.ads.R: R()