proguard/mapping.txt
com.zrd.zr.letuwb.AboutActivity -> com.zrd.zr.letuwb.AboutActivity:
    void onCreate(android.os.Bundle) -> onCreate
com.zrd.zr.letuwb.AboutActivity$1 -> com.zrd.zr.letuwb.e:
    com.zrd.zr.letuwb.AboutActivity this$0 -> a
    void onClick(android.view.View) -> onClick
com.zrd.zr.letuwb.AboutActivity$2 -> com.zrd.zr.letuwb.f:
    com.zrd.zr.letuwb.AboutActivity this$0 -> a
    void onClick(android.view.View) -> onClick
com.zrd.zr.letuwb.AboutActivity$3 -> com.zrd.zr.letuwb.g:
    com.zrd.zr.letuwb.AboutActivity this$0 -> a
    void onClick(android.view.View) -> onClick
com.zrd.zr.letuwb.AsyncCacheCleaner -> com.zrd.zr.letuwb.ci:
    android.content.Context mContext -> a
    java.lang.Integer doInBackground(java.lang.String[]) -> a
    void onPostExecute(java.lang.Object) -> onPostExecute
    java.lang.Object doInBackground(java.lang.Object[]) -> doInBackground
com.zrd.zr.letuwb.AsyncImageLoader -> com.zrd.zr.letuwb.b:
    android.content.Context mContext -> a
    java.lang.Integer mResIdBadImage -> b
    android.widget.ImageView mImage -> c
    android.widget.ProgressBar mProgress -> d
    java.util.HashMap mMemImages -> e
    android.graphics.Bitmap loadImage(java.net.URL) -> a
    void onPreExecute() -> onPreExecute
    void onProgressUpdate(java.lang.Object[]) -> onProgressUpdate
    void onCancelled() -> onCancelled
    void onPostExecute(java.lang.Object) -> onPostExecute
    java.lang.Object doInBackground(java.lang.Object[]) -> doInBackground
com.zrd.zr.letuwb.AsyncSaver -> com.zrd.zr.letuwb.ct:
    android.content.Context mContext -> a
    android.graphics.Bitmap mBitmap -> b
    java.lang.String getSdcardDir() -> a
    int probeFile(java.lang.String,java.lang.String) -> a
    java.io.File getSilentFile(java.lang.String,java.lang.String) -> b
    java.util.ArrayList saveImage(java.io.File) -> a
    void onPostExecute(java.lang.Object) -> onPostExecute
    java.lang.Object doInBackground(java.lang.Object[]) -> doInBackground
com.zrd.zr.letuwb.AsyncThumLoader -> com.zrd.zr.letuwb.aw:
    android.content.Context mContext -> a
    java.util.ArrayList mUsrs -> b
    java.util.HashMap imageCache -> c
    android.graphics.drawable.Drawable loadDrawable(java.lang.Long,com.zrd.zr.letuwb.AsyncThumLoader$ImageCallback) -> a
    android.graphics.drawable.Drawable loadImageFromId(java.lang.Long) -> a
    java.util.HashMap access$0(com.zrd.zr.letuwb.AsyncThumLoader) -> a
com.zrd.zr.letuwb.AsyncThumLoader$1 -> com.zrd.zr.letuwb.bc:
    com.zrd.zr.letuwb.AsyncThumLoader this$0 -> a
    com.zrd.zr.letuwb.AsyncThumLoader$ImageCallback val$imageCallback -> b
    java.lang.Long val$id -> c
    void handleMessage(android.os.Message) -> handleMessage
com.zrd.zr.letuwb.AsyncThumLoader$2 -> com.zrd.zr.letuwb.bb:
    com.zrd.zr.letuwb.AsyncThumLoader this$0 -> a
    java.lang.Long val$id -> b
    android.os.Handler val$handler -> c
    void run() -> run
com.zrd.zr.letuwb.AsyncThumLoader$ImageCallback -> com.zrd.zr.letuwb.n:
    void imageLoaded(android.graphics.drawable.Drawable,java.lang.Long) -> a
com.zrd.zr.letuwb.AsyncUploader -> com.zrd.zr.letuwb.cr:
    android.content.Context mContext -> a
    java.lang.Integer mAccountId -> b
    android.app.Dialog mPrgDlg -> c
    java.lang.String post(java.lang.String,java.util.Map,java.util.Map) -> a
    java.lang.String doInBackground(android.content.Intent[]) -> a
    void onPostExecute(java.lang.Object) -> onPostExecute
    java.lang.Object doInBackground(java.lang.Object[]) -> doInBackground
com.zrd.zr.letuwb.AsyncUploader$1 -> com.zrd.zr.letuwb.bu:
    com.zrd.zr.letuwb.AsyncUploader this$0 -> a
    void onCancel(android.content.DialogInterface) -> onCancel
...
com.adwo.adsdk.L -> com.adwo.adsdk.l:
    com.adwo.adsdk.AdwoAdBrowserActivity a -> a
    void handleMessage(android.os.Message) -> handleMessage
com.adwo.adsdk.M -> com.adwo.adsdk.k:
    com.adwo.adsdk.AdwoAdView a -> a
    void handleMessage(android.os.Message) -> handleMessage
com.adwo.adsdk.N -> com.adwo.adsdk.ab:
    com.adwo.adsdk.AdwoAdView a -> a
    com.adwo.adsdk.k a() -> a
    void onPreExecute() -> onPreExecute
    void onPostExecute(java.lang.Object) -> onPostExecute
    java.lang.Object doInBackground(java.lang.Object[]) -> doInBackground
    com.adwo.adsdk.AdwoAdView a(com.adwo.adsdk.N) -> a
com.adwo.adsdk.O -> com.adwo.adsdk.ac:
    com.adwo.adsdk.N a -> a
    com.adwo.adsdk.k b -> b
    com.adwo.adsdk.b c -> c
    int d -> d
    boolean e -> e
    android.content.Context f -> f
    void run() -> run
com.adwo.adsdk.P -> com.adwo.adsdk.z:
    com.adwo.adsdk.AdwoAdView a -> a
    com.adwo.adsdk.b b -> b
    com.adwo.adsdk.U c -> c
    void onAnimationStart(android.view.animation.Animation) -> onAnimationStart
    void onAnimationEnd(android.view.animation.Animation) -> onAnimationEnd
    void onAnimationRepeat(android.view.animation.Animation) -> onAnimationRepeat
com.adwo.adsdk.Q -> com.adwo.adsdk.aa:
    void a() -> b
com.adwo.adsdk.R -> com.adwo.adsdk.ag:
    com.adwo.adsdk.b a -> a
    com.adwo.adsdk.b b -> b
    com.adwo.adsdk.U c -> c
    com.adwo.adsdk.AdwoAdView d -> d
    void run() -> run
    com.adwo.adsdk.b a(com.adwo.adsdk.R) -> a
    void a$7ba3c01b(com.adwo.adsdk.R) -> b
    com.adwo.adsdk.b b(com.adwo.adsdk.R) -> c
    com.adwo.adsdk.AdwoAdView c(com.adwo.adsdk.R) -> d
com.adwo.adsdk.S -> com.adwo.adsdk.ah:
    com.adwo.adsdk.R a -> a
    void onAnimationStart(android.view.animation.Animation) -> onAnimationStart
    void onAnimationEnd(android.view.animation.Animation) -> onAnimationEnd
    void onAnimationRepeat(android.view.animation.Animation) -> onAnimationRepeat
com.adwo.adsdk.SplashAdListener -> com.adwo.adsdk.SplashAdListener:
    void onReceiveAd(com.adwo.adsdk.FSAd) -> onReceiveAd
    void onFailedToReceiveAd(com.adwo.adsdk.ErrorCode) -> onFailedToReceiveAd
com.adwo.adsdk.T -> com.adwo.adsdk.ae:
    com.adwo.adsdk.AdwoSplashAdActivity a -> a
    void handleMessage(android.os.Message) -> handleMessage
com.adwo.adsdk.U -> com.adwo.adsdk.af:
    com.adwo.adsdk.U a -> a
    com.adwo.adsdk.U b -> b
    com.adwo.adsdk.U c -> c
    com.adwo.adsdk.U[] d -> d
    com.adwo.adsdk.U[] values() -> values
    com.adwo.adsdk.U valueOf(java.lang.String) -> valueOf
com.adwo.adsdk.V -> com.adwo.adsdk.V:
    android.view.View a -> e
    android.widget.PopupWindow b -> f
    android.view.View c -> g
    android.graphics.drawable.Drawable d -> a
    android.view.WindowManager e -> b
    void b() -> a
    void a(boolean) -> a
com.adwo.adsdk.W -> com.adwo.adsdk.u:
    boolean onTouch(android.view.View,android.view.MotionEvent) -> onTouch
com.adwo.adsdk.X -> com.adwo.adsdk.X:
    short a(byte,byte) -> a
    com.adwo.adsdk.FSAd a(byte[]) -> a
    com.adwo.adsdk.k b(byte[]) -> b
    int a(byte[],int) -> a
    byte[] a(short) -> a
    byte[] a(double) -> a
    byte[] a(int) -> a
    byte[] a(byte,byte,byte,byte,byte,boolean,byte[],byte,short,byte[],byte[],byte[],short,short,short,byte,byte,byte[],byte[],boolean,double,double,byte,short,java.lang.Integer[],short) -> a
com.adwo.adsdk.Y -> com.adwo.adsdk.Y:
    int a -> a
    int b -> b
    byte[] c -> c
    int d -> d
    byte[] e -> e
    byte[] f -> f
    byte[] g -> g
    byte[] h -> h
    byte[] i -> i
    byte[] j -> j
    byte[] k -> k
    int[] l -> l
    int[] m -> m
    java.lang.String[][] n -> n
    java.lang.String a(java.lang.String) -> a
com.adwo.adsdk.Z -> com.adwo.adsdk.w:
    java.lang.Object createFromParcel(android.os.Parcel) -> createFromParcel
    java.lang.Object[] newArray(int) -> newArray
com.adwo.adsdk.a -> com.adwo.adsdk.am:
    void a() -> a