proguard/usage.txt
com.zrd.zr.letuwb.AsyncImageLoader:
    54:54:public java.util.HashMap getMemImages()
com.zrd.zr.letuwb.AsyncThumLoader:
    29:29:public java.util.HashMap getImageCache()
com.zrd.zr.letuwb.BrowPage:
    715:715:public java.lang.Boolean getWasPlaying()
    719:720:public void setWasPlaying(java.lang.Boolean)
    727:728:public void setGestureDetector(android.view.GestureDetector)
    735:736:public void setFrameBackground(android.widget.FrameLayout)
    743:744:public void setBrow(com.sonyericsson.zoom.ImageZoomView)
    751:752:public void setLayoutCtrl(android.widget.RelativeLayout)
    767:768:public void setBtnPause(android.widget.Button)
    795:796:public void setBtnPlay(android.widget.Button)
com.zrd.zr.letuwb.EntranceActivity:
    static final java.lang.String SERIAL_APP
    static final java.lang.String TIMEZONE_SERVER
    static final java.lang.String URL_SITE
    static final java.lang.String URL_UPDATE
    static final java.lang.String URL_STATS
    static final java.lang.String PATH_COLLECTION
    static final java.lang.String PATH_CACHE
    static final int REQUESTCODE_PICKFILE
    static final java.lang.String CONFIG_ACCOUNTS
    static final java.lang.String CONFIG_CLIENTKEY
    static final java.lang.String CONFIG_RANDOMKEY
    static final java.lang.String CONFIG_TOPICCHOICE
    static final java.lang.String SYMBOL_FAILED
    static final java.lang.String SYMBOL_SUCCESSFUL
    static final int PERIOD_VOTEAGAIN
    android.widget.EditText mEditUsername
    android.widget.EditText mEditPassword
    android.widget.EditText mEditRepeat
    android.widget.TableRow mRowRepeat
    android.widget.CheckBox mCheckRemember
    229:229:public static java.lang.String getRandomKey()
    233:239:public static void resetRandomKey(java.lang.String)
    527:527:public static java.lang.Integer getAccountId()
    767:767:public android.widget.ViewFlipper getViewFlipper()
com.zrd.zr.letuwb.FileListView:
    177:181:public void refresh()
    184:184:public java.lang.String getCurrentDirectory()
    188:189:public void setRoot(java.lang.String)
com.zrd.zr.letuwb.FileUtil:
    56:65:public static boolean delete(java.lang.String)
com.zrd.zr.letuwb.MainPage:
    576:589:public com.zrd.zr.protos.WeibousersProtos$UCMappings updateUser(java.lang.String[])
    725:726:public void setGridPics(android.widget.GridView)
    729:729:public static java.lang.Integer getTopicChoice()
    741:742:public void setPageBeforeBrow(java.lang.Integer)
    764:785:public int getTotalPagesNum()
    821:822:public void setGestureDetector(android.view.GestureDetector)
com.zrd.zr.letuwb.R
com.zrd.zr.letuwb.R$anim
com.zrd.zr.letuwb.R$attr
com.zrd.zr.letuwb.R$drawable
com.zrd.zr.letuwb.R$id
com.zrd.zr.letuwb.R$layout
com.zrd.zr.letuwb.R$string
com.zrd.zr.letuwb.R$style
com.zrd.zr.letuwb.R$styleable
com.zrd.zr.letuwb.UpdateActivity:
    private static final int MSG_DOWNLOAD_PREPARE
    private static final int MSG_DOWNLOAD_BEGIN
    private static final int MSG_DOWNLOADING
    private static final int MSG_DOWNLOAD_END
    private static final int MSG_DOWNLOAD_NETWORKPROBLEM
com.zrd.zr.letuwb.WeiboPage:
    protected static final int COUNT_PERPAGE_TIMELINE
    protected static final int COUNT_PERPAGE_COMMENTS
    1184:1184:public java.lang.Long getId()
    1192:1192:public weibo4android.User getLastUser()
com.zrd.zr.letuwb.WeibouserInfo:
    68:94:public WeibouserInfo(com.zrd.zr.letuwb.WeibouserInfo)
com.zrd.zr.letuwb.WeibouserInfoGridAdapter:
    31:31:public com.zrd.zr.letuwb.AsyncThumLoader getAsyncImageLoader()
...
org.apache.commons.httpclient.auth.HttpAuthenticator
org.apache.commons.httpclient.auth.InvalidCredentialsException
org.apache.commons.httpclient.auth.MalformedChallengeException
org.apache.commons.httpclient.auth.NTLM
org.apache.commons.httpclient.auth.NTLMScheme
org.apache.commons.httpclient.auth.RFC2617Scheme
org.apache.commons.httpclient.cookie.Cookie2
org.apache.commons.httpclient.cookie.CookieAttributeHandler
org.apache.commons.httpclient.cookie.CookieOrigin
org.apache.commons.httpclient.cookie.CookiePathComparator
org.apache.commons.httpclient.cookie.CookiePolicy
org.apache.commons.httpclient.cookie.CookieSpec
org.apache.commons.httpclient.cookie.CookieSpecBase
org.apache.commons.httpclient.cookie.CookieVersionSupport
org.apache.commons.httpclient.cookie.IgnoreCookiesSpec
org.apache.commons.httpclient.cookie.MalformedCookieException
org.apache.commons.httpclient.cookie.NetscapeDraftSpec
org.apache.commons.httpclient.cookie.RFC2109Spec
org.apache.commons.httpclient.cookie.RFC2965Spec
org.apache.commons.httpclient.cookie.RFC2965Spec$1
org.apache.commons.httpclient.cookie.RFC2965Spec$Cookie2DomainAttributeHandler
org.apache.commons.httpclient.cookie.RFC2965Spec$Cookie2MaxageAttributeHandler
org.apache.commons.httpclient.cookie.RFC2965Spec$Cookie2PathAttributeHandler
org.apache.commons.httpclient.cookie.RFC2965Spec$Cookie2PortAttributeHandler
org.apache.commons.httpclient.cookie.RFC2965Spec$Cookie2VersionAttributeHandler
org.apache.commons.httpclient.cookie.RFC2965Spec$CookieCommentAttributeHandler
org.apache.commons.httpclient.cookie.RFC2965Spec$CookieCommentUrlAttributeHandler
org.apache.commons.httpclient.cookie.RFC2965Spec$CookieDiscardAttributeHandler
org.apache.commons.httpclient.cookie.RFC2965Spec$CookieSecureAttributeHandler
org.apache.commons.httpclient.methods.ByteArrayRequestEntity
org.apache.commons.httpclient.methods.DeleteMethod
org.apache.commons.httpclient.methods.EntityEnclosingMethod
org.apache.commons.httpclient.methods.ExpectContinueMethod
org.apache.commons.httpclient.methods.FileRequestEntity
org.apache.commons.httpclient.methods.GetMethod
org.apache.commons.httpclient.methods.HeadMethod
org.apache.commons.httpclient.methods.InputStreamRequestEntity
org.apache.commons.httpclient.methods.MultipartPostMethod
org.apache.commons.httpclient.methods.OptionsMethod
org.apache.commons.httpclient.methods.PostMethod
org.apache.commons.httpclient.methods.PutMethod
org.apache.commons.httpclient.methods.RequestEntity
org.apache.commons.httpclient.methods.StringRequestEntity
org.apache.commons.httpclient.methods.TraceMethod
org.apache.commons.httpclient.methods.multipart.ByteArrayPartSource
org.apache.commons.httpclient.methods.multipart.FilePart
org.apache.commons.httpclient.methods.multipart.FilePartSource
org.apache.commons.httpclient.methods.multipart.MultipartRequestEntity
org.apache.commons.httpclient.methods.multipart.Part
org.apache.commons.httpclient.methods.multipart.PartBase
org.apache.commons.httpclient.methods.multipart.PartSource
org.apache.commons.httpclient.methods.multipart.StringPart
org.apache.commons.httpclient.params.DefaultHttpParams
org.apache.commons.httpclient.params.DefaultHttpParamsFactory
org.apache.commons.httpclient.params.HostParams
org.apache.commons.httpclient.params.HttpClientParams
org.apache.commons.httpclient.params.HttpConnectionManagerParams
org.apache.commons.httpclient.params.HttpConnectionParams
org.apache.commons.httpclient.params.HttpMethodParams
org.apache.commons.httpclient.params.HttpParams
org.apache.commons.httpclient.params.HttpParamsFactory
org.apache.commons.httpclient.protocol.ControllerThreadSocketFactory
org.apache.commons.httpclient.protocol.ControllerThreadSocketFactory$1
org.apache.commons.httpclient.protocol.ControllerThreadSocketFactory$SocketTask
org.apache.commons.httpclient.protocol.DefaultProtocolSocketFactory
org.apache.commons.httpclient.protocol.Protocol
org.apache.commons.httpclient.protocol.ProtocolSocketFactory